2025-03-11T05:45:16.769Z INFO: Server is running on port localhost:8080
2025-03-11T05:45:37.091Z INFO: Server is running on port localhost:8080
2025-03-11T05:45:44.803Z INFO: Server is running on port localhost:8080
2025-03-11T05:45:57.997Z INFO: Server is running on port localhost:8080
2025-03-11T05:46:09.013Z INFO: Server is running on port localhost:8080
2025-03-11T05:46:22.419Z INFO: Server is running on port localhost:8080
2025-03-11T05:46:34.025Z INFO: Server is running on port localhost:8080
2025-03-11T05:46:49.798Z INFO: Server is running on port localhost:8080
2025-03-11T05:46:59.866Z INFO: Server is running on port localhost:8080
2025-03-11T05:47:26.092Z INFO: Server is running on port localhost:8080
2025-03-11T05:47:30.929Z INFO: Server is running on port localhost:8080
2025-03-11T05:47:49.067Z INFO: Server is running on port localhost:8080
2025-03-11T05:48:06.549Z INFO: Server is running on port localhost:8080
2025-03-11T05:48:14.044Z INFO: Server is running on port localhost:8080
2025-03-11T05:48:18.094Z INFO: Server is running on port localhost:8080
2025-03-11T05:48:30.460Z INFO: Server is running on port localhost:8080
2025-03-11T05:48:34.885Z INFO: Server is running on port localhost:8080
2025-03-11T05:50:52.447Z INFO: Server is running on port localhost:8080
2025-03-11T05:52:03.164Z INFO: Server is running on port localhost:8080
2025-03-11T05:52:09.703Z INFO: Server is running on port localhost:8080
2025-03-11T05:52:15.377Z INFO: Server is running on port localhost:8080
2025-03-11T05:52:22.100Z INFO: Server is running on port localhost:8080
2025-03-11T05:52:31.711Z INFO: Server is running on port localhost:8080
2025-03-11T05:53:09.476Z INFO: Server is running on port localhost:8080
2025-03-11T05:53:20.628Z INFO: Server is running on port localhost:8080
2025-03-11T05:53:34.804Z INFO: Server is running on port localhost:8080
2025-03-11T05:53:43.994Z INFO: Server is running on port localhost:8080
2025-03-11T05:54:01.796Z INFO: Server is running on port localhost:8080
2025-03-11T05:54:08.665Z INFO: Server is running on port localhost:8080
2025-03-11T05:56:47.847Z INFO: Server is running on port localhost:8080
2025-03-11T05:59:58.398Z INFO: Server is running on port localhost:8080
2025-03-11T06:00:04.726Z INFO: Server is running on port localhost:8080
2025-03-11T06:00:24.306Z INFO: Server is running on port localhost:8080
2025-03-11T06:00:31.304Z INFO: Server is running on port localhost:8080
2025-03-11T06:00:46.394Z INFO: Server is running on port localhost:8080
2025-03-11T06:00:49.352Z INFO: Server is running on port localhost:8080
2025-03-11T06:00:52.412Z INFO: Server is running on port localhost:8080
2025-03-11T06:00:59.287Z INFO: Server is running on port localhost:8080
2025-03-11T06:01:03.551Z INFO: Server is running on port localhost:8080
2025-03-11T06:01:07.752Z INFO: Server is running on port localhost:8080
2025-03-11T06:01:12.924Z INFO: Server is running on port localhost:8080
2025-03-11T06:01:26.628Z INFO: Server is running on port localhost:8080
2025-03-11T06:01:33.849Z INFO: Server is running on port localhost:8080
2025-03-11T06:01:39.801Z INFO: Server is running on port localhost:8080
2025-03-11T06:01:47.412Z INFO: Server is running on port localhost:8080
2025-03-11T06:01:55.198Z INFO: Server is running on port localhost:8080
2025-03-11T06:02:12.810Z INFO: Server is running on port localhost:8080
2025-03-11T06:02:30.289Z INFO: Server is running on port localhost:8080
2025-03-11T06:02:47.918Z INFO: Server is running on port localhost:8080
2025-03-11T06:03:01.898Z INFO: Server is running on port localhost:8080
2025-03-11T06:03:09.346Z INFO: Server is running on port localhost:8080
2025-03-11T06:03:18.515Z INFO: Server is running on port localhost:8080
2025-03-11T06:03:38.963Z INFO: Server is running on port localhost:8080
2025-03-11T06:04:02.480Z INFO: Server is running on port localhost:8080
2025-03-11T06:04:12.227Z INFO: Server is running on port localhost:8080
2025-03-11T06:04:16.294Z INFO: Server is running on port localhost:8080
2025-03-11T06:04:24.095Z INFO: Server is running on port localhost:8080
2025-03-11T06:04:49.648Z INFO: Server is running on port localhost:8080
2025-03-11T06:05:03.371Z INFO: Server is running on port localhost:8080
2025-03-11T06:05:13.338Z INFO: Server is running on port localhost:8080
2025-03-11T06:05:19.009Z INFO: Server is running on port localhost:8080
2025-03-11T06:05:38.316Z INFO: Server is running on port localhost:8080
2025-03-11T06:05:52.126Z INFO: Server is running on port localhost:8080
2025-03-11T06:05:56.093Z INFO: Server is running on port localhost:8080
2025-03-11T06:06:01.938Z INFO: Server is running on port localhost:8080
2025-03-11T06:06:14.768Z INFO: Server is running on port localhost:8080
2025-03-11T06:06:19.018Z INFO: Server is running on port localhost:8080
2025-03-11T06:06:26.004Z INFO: Server is running on port localhost:8080
2025-03-11T06:06:42.814Z INFO: Server is running on port localhost:8080
2025-03-11T06:06:49.288Z INFO: Server is running on port localhost:8080
2025-03-11T06:08:47.795Z INFO: Server is running on port localhost:8080
2025-03-11T06:08:53.570Z INFO: Server is running on port localhost:8080
2025-03-11T06:08:56.865Z INFO: Server is running on port localhost:8080
2025-03-11T06:09:12.308Z INFO: Server is running on port localhost:8080
2025-03-11T06:09:27.564Z INFO: Server is running on port localhost:8080
2025-03-11T06:09:32.372Z INFO: Server is running on port localhost:8080
2025-03-11T06:09:40.196Z INFO: Server is running on port localhost:8080
2025-03-11T06:10:22.269Z INFO: Server is running on port localhost:8080
2025-03-11T06:10:43.643Z INFO: Server is running on port localhost:8080
2025-03-11T06:11:00.656Z INFO: Server is running on port localhost:8080
2025-03-11T06:11:17.796Z INFO: Server is running on port localhost:8080
2025-03-11T06:18:18.182Z INFO: GET /api/users
2025-03-11T06:18:18.183Z ERROR: Route : /api/users is not a valid
2025-03-11T06:18:32.229Z INFO: Server is running on port localhost:8080
2025-03-11T06:18:37.488Z INFO: Server is running on port localhost:8080
2025-03-11T06:18:44.872Z INFO: GET /category
2025-03-11T06:18:56.829Z INFO: GET /category/67cfd57015ea58d3406b72df
2025-03-11T06:19:05.963Z INFO: GET /category/67cfd57015ea58d3406b72d
2025-03-11T06:19:05.975Z ERROR: 
Invalid `prisma.category.findUnique()` invocation in
E:\Code\Express\express-restapi\src\api\category\category.service.ts:31:44

  28   return { response, pagination };
  29 },
  30 getById: async (id: string): Promise<CategoryResponse> => {
→ 31   const response = await prisma.category.findUnique(
Inconsistent column data: Malformed ObjectID: provided hex string representation must be exactly 12 bytes, instead got: "67cfd57015ea58d3406b72d", length 23.
2025-03-11T06:20:36.180Z INFO: Server is running on port localhost:8080
2025-03-11T06:20:58.711Z INFO: Server is running on port localhost:8080
2025-03-11T06:21:09.647Z INFO: Server is running on port localhost:8080
2025-03-11T06:21:19.161Z INFO: Server is running on port localhost:8080
2025-03-11T06:21:44.082Z INFO: Server is running on port localhost:8080
2025-03-11T06:21:46.735Z INFO: GET /category/67cfd57015ea58d3406b72d
