2025-03-11T06:18:18.183Z ERROR: Route : /api/users is not a valid
2025-03-11T06:19:05.975Z ERROR: 
Invalid `prisma.category.findUnique()` invocation in
E:\Code\Express\express-restapi\src\api\category\category.service.ts:31:44

  28   return { response, pagination };
  29 },
  30 getById: async (id: string): Promise<CategoryResponse> => {
→ 31   const response = await prisma.category.findUnique(
Inconsistent column data: Malformed ObjectID: provided hex string representation must be exactly 12 bytes, instead got: "67cfd57015ea58d3406b72d", length 23.
2025-03-11T06:39:18.260Z ERROR: data not found
2025-03-12T05:11:48.954Z ERROR: data not found
2025-03-12T05:11:59.933Z ERROR: data not found
2025-03-12T05:12:01.233Z ERROR: data not found
2025-03-12T05:13:00.163Z ERROR: [
  {
    "code": "too_small",
    "minimum": 0,
    "type": "number",
    "inclusive": false,
    "exact": false,
    "message": "Number must be greater than 0",
    "path": [
      "page"
    ]
  }
]
2025-03-12T05:39:14.754Z ERROR: No data available on page 3
2025-03-12T05:40:49.391Z ERROR: [
  {
    "code": "too_big",
    "maximum": 100,
    "type": "number",
    "inclusive": true,
    "exact": false,
    "message": "Number must be less than or equal to 100",
    "path": [
      "limit"
    ]
  }
]
2025-03-12T05:42:09.671Z ERROR: [
  {
    "code": "too_big",
    "maximum": 100,
    "type": "number",
    "inclusive": true,
    "exact": false,
    "message": "Number must be less than or equal to 100",
    "path": [
      "limit"
    ]
  }
]
2025-03-12T05:42:10.821Z ERROR: [
  {
    "code": "too_big",
    "maximum": 100,
    "type": "number",
    "inclusive": true,
    "exact": false,
    "message": "Number must be less than or equal to 100",
    "path": [
      "limit"
    ]
  }
]
2025-03-12T05:43:09.056Z ERROR: [
  {
    "code": "too_big",
    "maximum": 100,
    "type": "number",
    "inclusive": true,
    "exact": false,
    "message": "Number must be less than or equal to 100",
    "path": [
      "limit"
    ]
  }
]
2025-03-12T05:44:35.430Z ERROR: [
  {
    "code": "too_big",
    "maximum": 100,
    "type": "number",
    "inclusive": true,
    "exact": false,
    "message": "Number must be less than or equal to 100",
    "path": [
      "limit"
    ]
  }
]
2025-03-12T06:05:39.907Z ERROR: Category already exists
2025-03-12T06:06:07.716Z ERROR: Route : /categorye is not a valid
2025-03-12T06:08:17.066Z ERROR: [
  {
    "code": "unrecognized_keys",
    "keys": [
      "kdjaksjdkas"
    ],
    "path": [],
    "message": "Unrecognized key(s) in object: 'kdjaksjdkas'"
  }
]
2025-03-12T06:32:40.183Z ERROR: [
  {
    "code": "unrecognized_keys",
    "keys": [
      "kdjaksjdkas"
    ],
    "path": [],
    "message": "Unrecognized key(s) in object: 'kdjaksjdkas'"
  }
]
2025-03-12T06:34:10.955Z ERROR: [
  {
    "code": "unrecognized_keys",
    "keys": [
      "kdjaksjdkas"
    ],
    "path": [],
    "message": "Unrecognized key(s) in object: 'kdjaksjdkas'"
  }
]
2025-03-12T06:34:28.453Z ERROR: ZodError: [
  {
    "code": "unrecognized_keys",
    "keys": [
      "kdjaksjdkas"
    ],
    "path": [],
    "message": "Unrecognized key(s) in object: 'kdjaksjdkas'"
  }
]
    at Object.get error [as error] (E:\Code\Express\express-restapi\node_modules\zod\lib\types.js:55:31)
    at ZodObject.parse (E:\Code\Express\express-restapi\node_modules\zod\lib\types.js:131:22)
    at Function.validate (E:\Code\Express\express-restapi\src\utils\validation.ts:5:19)
    at Object.get (E:\Code\Express\express-restapi\src\api\category\category.service.ts:16:39)
    at get (E:\Code\Express\express-restapi\src\api\category\category.controller.ts:14:48)
    at Layer.handle [as handle_request] (E:\Code\Express\express-restapi\node_modules\express\lib\router\layer.js:95:5)
    at next (E:\Code\Express\express-restapi\node_modules\express\lib\router\route.js:149:13)
    at Route.dispatch (E:\Code\Express\express-restapi\node_modules\express\lib\router\route.js:119:3)
    at Layer.handle [as handle_request] (E:\Code\Express\express-restapi\node_modules\express\lib\router\layer.js:95:5)
    at E:\Code\Express\express-restapi\node_modules\express\lib\router\index.js:284:15
2025-03-12T06:34:58.082Z ERROR: [object Object]
2025-03-12T06:35:28.607Z ERROR: [object Object]
2025-03-12T06:36:02.627Z ERROR: [object Object]
2025-03-12T06:36:16.490Z ERROR: unrecognized_keys
2025-03-12T06:37:16.950Z ERROR: unrecognized_keys
2025-03-12T06:42:26.406Z ERROR: unrecognized_keys
2025-03-12T06:50:46.754Z ERROR: Validation Error:
2025-03-12T06:51:38.090Z ERROR: Validation Error:
2025-03-12T06:52:17.649Z ERROR: Validation Error:
2025-03-12T06:52:30.926Z ERROR: Validation Error:
2025-03-13T05:43:06.275Z ERROR: Validation Error:
2025-03-13T05:43:12.619Z ERROR: Validation Error:
2025-03-13T09:16:06.219Z ERROR: Validation Error:
2025-03-13T09:20:48.585Z ERROR: Validation Error:
2025-03-13T09:49:57.453Z ERROR: Validation Error:
2025-03-13T09:50:59.483Z ERROR: Route : /prod is not a valid
